<?xml version="1.0" encoding="UTF-8"?>
<testsuites tests="2" failures="1" disabled="0" errors="0" timestamp="2018-04-21T14:20:45" time="0" name="AllTests">
  <testsuite name="GetChar" tests="1" failures="1" disabled="0" errors="0" time="0">
    <testcase name="SubTest1" status="run" time="0" classname="GetChar">
      <failure message="/home/john/cpp-SimpleGoogleTest/test/test.cc:25&#x0A;Value of: testspeak.TestI(123)&#x0A;  Actual: false&#x0A;Expected: true" type=""><![CDATA[/home/john/cpp-SimpleGoogleTest/test/test.cc:25
Value of: testspeak.TestI(123)
  Actual: false
Expected: true]]></failure>
    </testcase>
  </testsuite>
  <testsuite name="GetSquare" tests="1" failures="0" disabled="0" errors="0" time="0">
    <testcase name="SubTest1" status="run" time="0" classname="GetSquare" />
  </testsuite>
</testsuites>
