<?xml version="1.0" encoding="UTF-8"?>
<testsuites tests="2" failures="1" disabled="0" errors="0" timestamp="2018-04-21T13:05:01" time="0" name="AllTests">
  <testsuite name="GetChar" tests="1" failures="1" disabled="0" errors="0" time="0">
    <testcase name="SubTest1" status="run" time="0" classname="GetChar">
      <failure message="/home/john/cpp-SimpleGoogleTest/test/test.cc:24&#x0A;      Expected: true&#x0A;To be equal to: testspeak.TestGetI()&#x0A;      Which is: false" type=""><![CDATA[/home/john/cpp-SimpleGoogleTest/test/test.cc:24
      Expected: true
To be equal to: testspeak.TestGetI()
      Which is: false]]></failure>
    </testcase>
  </testsuite>
  <testsuite name="GetSquare" tests="1" failures="0" disabled="0" errors="0" time="0">
    <testcase name="SubTest1" status="run" time="0" classname="GetSquare" />
  </testsuite>
</testsuites>
